<?xml version="1.0" encoding="UTF-8"?>
<testsuite xmlns:xsi="http://www.w3.org/2001/XMLSchema-instance" xsi:noNamespaceSchemaLocation="https://maven.apache.org/surefire/maven-surefire-plugin/xsd/surefire-test-report-3.0.xsd" version="3.0" name="TodoListTest" time="0.581" tests="8" errors="0" skipped="0" failures="0">
  <properties>
[...]
</properties>
  <testcase name="editNotExistTodo" classname="TodoListTest" time="0.292">
    <system-out><![CDATA[[create app][create app, learn java]]]></system-out>
  </testcase>
  <testcase name="addThreeTodos" classname="TodoListTest" time="0.005">
    <system-out><![CDATA[[learn java][learn java, create app][learn java, create app, learn java]]]></system-out>
  </testcase>
  <testcase name="addTodoToNotExistIndex" classname="TodoListTest" time="0.048">
    <system-out><![CDATA[[learn java][learn java, write issue][learn java, write issue, learn java]]]></system-out>
  </testcase>
  <testcase name="deleteExistTodo" classname="TodoListTest" time="0.009">
    <system-out><![CDATA[[learn java][learn java, learn java][learn java, learn java, write issue][learn java, write issue]
]]></system-out>
  </testcase>
  <testcase name="editExistTodo" classname="TodoListTest" time="0.023">
    <system-out><![CDATA[[learn java][learn java, buy milk]new todo
]]></system-out>
  </testcase>
  <testcase name="addSingleTodo" classname="TodoListTest" time="0.006">
    <system-out><![CDATA[[first added todo]]]></system-out>
  </testcase>
  <testcase name="deleteNotExistTodo" classname="TodoListTest" time="0.008">
    <system-out><![CDATA[[write issue][write issue, write issue][write issue, write issue, buy milk][write issue, write issue, buy milk, buy milk][write issue, write issue, buy milk, buy milk, create app]]]></system-out>
  </testcase>
  <testcase name="addTodoToExistIndex" classname="TodoListTest" time="0.004">
    <system-out><![CDATA[[buy milk][buy milk, create app][buy milk, create app, create app]Добавлено дело new todo
]]></system-out>
  </testcase>
</testsuite>